<?xml version="1.0" encoding="UTF-8"?>
<!-- Generated by org.testng.reporters.JUnitXMLReporter -->
<testsuite ignored="0" hostname="DESKTOP-KIS4N2E" failures="1" tests="2" name="Test" time="20.95" errors="0" timestamp="2024-08-12T08:00:48 IST">
  <testcase classname="coverFoxTest.CoverFoxTC1" name="validateBanners" time="4.113"/>
  <testcase classname="coverFoxTest.CoverFoxTC1" name="validatePresenceOfSortButton" time="4.007">
    <failure type="java.lang.AssertionError" message="null">
      <![CDATA[java.lang.AssertionError: null
at coverFoxTest.CoverFoxTC1.validatePresenceOfSortButton(CoverFoxTC1.java:95)
at java.base/java.util.ArrayList.forEach(ArrayList.java:1597)
... Removed 31 stack frames]]>
    </failure>
  </testcase> <!-- validatePresenceOfSortButton -->
</testsuite> <!-- Test -->
